17:06:49.421 [main] DEBUG org.apache.poi.openxml4j.opc.PackageRelationshipCollection - Parsing relationship: /_rels/.rels
17:06:49.429 [main] DEBUG org.apache.poi.ooxml.POIXMLFactory - using default POIXMLDocumentPart for http://schemas.openxmlformats.org/officeDocument/2006/relationships/printerSettings
17:06:49.454 [main] INFO  testCases.TC_003_LoginDDT - **** Starting TC_003_LoginDDT *****
17:07:28.955 [main] INFO  testCases.TC_003_LoginDDT - **** Starting TC_003_LoginDDT *****
17:07:30.100 [main] INFO  testCases.TC_003_LoginDDT - **** Starting TC_003_LoginDDT *****
17:08:00.792 [main] INFO  testCases.TC_003_LoginDDT - **** Finished TC_003_LoginDDT *****
17:08:00.794 [main] INFO  testCases.TC_003_LoginDDT - **** Starting TC_003_LoginDDT *****
17:08:31.534 [main] INFO  testCases.TC_003_LoginDDT - **** Finished TC_003_LoginDDT *****
17:08:31.536 [main] INFO  testCases.TC_003_LoginDDT - **** Starting TC_003_LoginDDT *****
19:36:13.841 [main] INFO  testCases.TC_001_AccountRegistrationTest - **** starting TC_001_AccountRegistrationTest  *****
19:36:13.848 [main] DEBUG testCases.TC_001_AccountRegistrationTest - application logs started......
19:36:13.983 [main] INFO  testCases.TC_001_AccountRegistrationTest - Clicked on MyAccount link
19:36:14.412 [main] INFO  testCases.TC_001_AccountRegistrationTest - Clicked on registration link
19:36:14.413 [main] INFO  testCases.TC_001_AccountRegistrationTest - Entering customer details.. 
19:36:50.452 [main] INFO  testCases.TC_001_AccountRegistrationTest - clicked on continue..
19:37:20.492 [main] INFO  testCases.TC_001_AccountRegistrationTest - Validating expected message..
19:37:56.194 [main] INFO  testCases.TC_001_AccountRegistrationTest - **** starting TC_001_AccountRegistrationTest  *****
19:37:56.200 [main] DEBUG testCases.TC_001_AccountRegistrationTest - application logs started......
19:37:56.327 [main] INFO  testCases.TC_001_AccountRegistrationTest - Clicked on MyAccount link
19:37:57.766 [main] INFO  testCases.TC_001_AccountRegistrationTest - Clicked on registration link
19:37:57.766 [main] INFO  testCases.TC_001_AccountRegistrationTest - Entering customer details.. 
19:38:31.495 [main] INFO  testCases.TC_001_AccountRegistrationTest - clicked on continue..
19:39:01.519 [main] INFO  testCases.TC_001_AccountRegistrationTest - Validating expected message..
19:41:00.406 [main] INFO  testCases.TC_001_AccountRegistrationTest - **** starting TC_001_AccountRegistrationTest  *****
19:41:00.410 [main] DEBUG testCases.TC_001_AccountRegistrationTest - application logs started......
19:41:00.535 [main] INFO  testCases.TC_001_AccountRegistrationTest - Clicked on MyAccount link
19:41:01.724 [main] INFO  testCases.TC_001_AccountRegistrationTest - Clicked on registration link
19:41:01.724 [main] INFO  testCases.TC_001_AccountRegistrationTest - Entering customer details.. 
19:41:38.240 [main] INFO  testCases.TC_001_AccountRegistrationTest - clicked on continue..
19:42:08.271 [main] INFO  testCases.TC_001_AccountRegistrationTest - Validating expected message..
19:42:12.951 [main] INFO  testCases.TC_002_LoginTest - **** Starting TC_002_LoginTest  ****
19:42:12.951 [main] DEBUG testCases.TC_002_LoginTest - capturing application debug logs....
19:42:13.043 [main] INFO  testCases.TC_002_LoginTest - clicked on myaccount link on the home page..
19:42:13.938 [main] INFO  testCases.TC_002_LoginTest - clicked on login link under myaccount..
19:42:13.941 [main] INFO  testCases.TC_002_LoginTest - Entering valid email and password..
19:42:26.997 [main] INFO  testCases.TC_002_LoginTest - clicked on ligin button..
20:40:21.544 [main] INFO  testCases.TC_001_AccountRegistrationTest - **** starting TC_001_AccountRegistrationTest  *****
20:40:21.601 [main] DEBUG testCases.TC_001_AccountRegistrationTest - application logs started......
20:40:21.738 [main] INFO  testCases.TC_001_AccountRegistrationTest - Clicked on MyAccount link
20:40:30.011 [main] INFO  testCases.TC_001_AccountRegistrationTest - Clicked on registration link
20:40:30.012 [main] INFO  testCases.TC_001_AccountRegistrationTest - Entering customer details.. 
20:40:56.687 [main] ERROR testCases.TC_001_AccountRegistrationTest - test failed..
20:40:56.688 [main] DEBUG testCases.TC_001_AccountRegistrationTest - debug logs....
20:44:14.788 [main] INFO  testCases.TC_001_AccountRegistrationTest - **** starting TC_001_AccountRegistrationTest  *****
20:44:14.792 [main] DEBUG testCases.TC_001_AccountRegistrationTest - application logs started......
20:44:14.920 [main] INFO  testCases.TC_001_AccountRegistrationTest - Clicked on MyAccount link
20:44:27.293 [main] INFO  testCases.TC_001_AccountRegistrationTest - Clicked on registration link
20:44:27.293 [main] INFO  testCases.TC_001_AccountRegistrationTest - Entering customer details.. 
20:44:56.233 [main] INFO  testCases.TC_001_AccountRegistrationTest - clicked on continue..
20:44:56.276 [main] INFO  testCases.TC_001_AccountRegistrationTest - Validating expected message..
