20:44:56.282 [main] DEBUG testCases.TC_001_AccountRegistrationTest - application logs end.......
20:44:56.286 [main] INFO  testCases.TC_001_AccountRegistrationTest - **** finished TC_001_AccountRegistrationTest  *****
20:47:27.407 [main] INFO  testCases.TC_002_LoginTest - **** Starting TC_002_LoginTest  ****
20:47:27.414 [main] DEBUG testCases.TC_002_LoginTest - capturing application debug logs....
20:47:27.551 [main] INFO  testCases.TC_002_LoginTest - clicked on myaccount link on the home page..
20:47:28.439 [main] INFO  testCases.TC_002_LoginTest - clicked on login link under myaccount..
20:47:28.442 [main] INFO  testCases.TC_002_LoginTest - Entering valid email and password..
20:47:30.269 [main] INFO  testCases.TC_002_LoginTest - clicked on ligin button..
20:47:30.333 [main] INFO  testCases.TC_002_LoginTest - **** Finished TC_002_LoginTest  ****
11:09:41.206 [main] INFO  testCases.TC_001_AccountRegistrationTest - **** starting TC_001_AccountRegistrationTest  *****
11:09:41.211 [main] DEBUG testCases.TC_001_AccountRegistrationTest - application logs started......
11:09:41.527 [main] INFO  testCases.TC_001_AccountRegistrationTest - Clicked on MyAccount link
11:09:42.102 [main] INFO  testCases.TC_001_AccountRegistrationTest - Clicked on registration link
11:09:42.102 [main] INFO  testCases.TC_001_AccountRegistrationTest - Entering customer details.. 
11:10:08.867 [main] INFO  testCases.TC_001_AccountRegistrationTest - clicked on continue..
11:10:08.906 [main] INFO  testCases.TC_001_AccountRegistrationTest - Validating expected message..
11:10:08.913 [main] DEBUG testCases.TC_001_AccountRegistrationTest - application logs end.......
11:10:08.913 [main] INFO  testCases.TC_001_AccountRegistrationTest - **** finished TC_001_AccountRegistrationTest  *****
11:10:12.194 [main] INFO  testCases.TC_002_LoginTest - **** Starting TC_002_LoginTest  ****
11:10:12.194 [main] DEBUG testCases.TC_002_LoginTest - capturing application debug logs....
11:10:12.282 [main] INFO  testCases.TC_002_LoginTest - clicked on myaccount link on the home page..
11:10:12.827 [main] INFO  testCases.TC_002_LoginTest - clicked on login link under myaccount..
11:10:12.830 [main] INFO  testCases.TC_002_LoginTest - Entering valid email and password..
11:10:13.625 [main] INFO  testCases.TC_002_LoginTest - clicked on ligin button..
11:10:13.684 [main] INFO  testCases.TC_002_LoginTest - **** Finished TC_002_LoginTest  ****
11:12:39.339 [main] INFO  testCases.TC_001_AccountRegistrationTest - **** starting TC_001_AccountRegistrationTest  *****
11:12:39.344 [main] DEBUG testCases.TC_001_AccountRegistrationTest - application logs started......
11:12:39.460 [main] INFO  testCases.TC_001_AccountRegistrationTest - Clicked on MyAccount link
11:12:40.968 [main] INFO  testCases.TC_001_AccountRegistrationTest - Clicked on registration link
11:12:40.968 [main] INFO  testCases.TC_001_AccountRegistrationTest - Entering customer details.. 
11:12:42.486 [main] INFO  testCases.TC_001_AccountRegistrationTest - clicked on continue..
11:12:42.533 [main] INFO  testCases.TC_001_AccountRegistrationTest - Validating expected message..
11:12:42.536 [main] DEBUG testCases.TC_001_AccountRegistrationTest - application logs end.......
11:12:42.536 [main] INFO  testCases.TC_001_AccountRegistrationTest - **** finished TC_001_AccountRegistrationTest  *****
11:12:45.759 [main] INFO  testCases.TC_002_LoginTest - **** Starting TC_002_LoginTest  ****
11:12:45.759 [main] DEBUG testCases.TC_002_LoginTest - capturing application debug logs....
11:12:46.043 [main] INFO  testCases.TC_002_LoginTest - clicked on myaccount link on the home page..
11:12:46.351 [main] INFO  testCases.TC_002_LoginTest - clicked on login link under myaccount..
11:12:46.354 [main] INFO  testCases.TC_002_LoginTest - Entering valid email and password..
11:12:47.148 [main] INFO  testCases.TC_002_LoginTest - clicked on ligin button..
11:12:47.209 [main] INFO  testCases.TC_002_LoginTest - **** Finished TC_002_LoginTest  ****
11:23:26.646 [main] INFO  testCases.TC_001_AccountRegistrationTest - **** starting TC_001_AccountRegistrationTest  *****
11:23:26.652 [main] DEBUG testCases.TC_001_AccountRegistrationTest - application logs started......
11:23:26.864 [main] INFO  testCases.TC_001_AccountRegistrationTest - Clicked on MyAccount link
11:23:27.470 [main] INFO  testCases.TC_001_AccountRegistrationTest - Clicked on registration link
11:23:27.471 [main] INFO  testCases.TC_001_AccountRegistrationTest - Entering customer details.. 
11:23:29.010 [main] INFO  testCases.TC_001_AccountRegistrationTest - clicked on continue..
11:23:29.059 [main] INFO  testCases.TC_001_AccountRegistrationTest - Validating expected message..
11:23:29.062 [main] DEBUG testCases.TC_001_AccountRegistrationTest - application logs end.......
11:23:29.063 [main] INFO  testCases.TC_001_AccountRegistrationTest - **** finished TC_001_AccountRegistrationTest  *****
11:23:32.242 [main] INFO  testCases.TC_002_LoginTest - **** Starting TC_002_LoginTest  ****
